2022-07-24 21:16:55,195 [INFO] - 
Oleveler - omics data analysis tools for jupyter notebook

Version 1.0
---
by Chao DU
Institute of Biology Leiden, Leiden University, the Netherlands
c.du@biology.leidenuniv.nl
durand[dot]dc[at]hot[no space]mail.com
---


2022-07-24 21:19:35,556 [INFO] - 
Oleveler - omics data analysis tools for jupyter notebook

Version 1.0
---
by Chao DU
Institute of Biology Leiden, Leiden University, the Netherlands
c.du@biology.leidenuniv.nl
durand[dot]dc[at]hot[no space]mail.com
---


2022-07-24 21:19:35,574 [INFO] - abc
2022-07-24 21:26:57,260 [INFO] - 
Oleveler - omics data analysis tools for jupyter notebook

Version 1.0
---
by Chao DU
Institute of Biology Leiden, Leiden University, the Netherlands
c.du@biology.leidenuniv.nl
durand[dot]dc[at]hot[no space]mail.com
---


2022-07-24 21:26:57,304 [INFO] - abc
2022-07-24 21:27:29,724 [INFO] - 
Oleveler - omics data analysis tools for jupyter notebook

Version 1.0
---
by Chao DU
Institute of Biology Leiden, Leiden University, the Netherlands
c.du@biology.leidenuniv.nl
durand[dot]dc[at]hot[no space]mail.com
---


2022-07-24 21:33:09,602 [INFO] - 
Oleveler - omics data analysis tools for jupyter notebook

Version 1.0
---
by Chao DU
Institute of Biology Leiden, Leiden University, the Netherlands
c.du@biology.leidenuniv.nl
durand[dot]dc[at]hot[no space]mail.com
---


2022-07-24 21:40:33,144 [INFO] - 
Oleveler - omics data analysis tools for jupyter notebook

Version 1.0
---
by Chao DU
Institute of Biology Leiden, Leiden University, the Netherlands
c.du@biology.leidenuniv.nl
durand[dot]dc[at]hot[no space]mail.com
---


